<?xml version="1.0" encoding="UTF-8"?>
<coverage generated="1750100372939" clover="3.2.0">
  <project timestamp="1750100372939" name="All files">
    <metrics statements="45" coveredstatements="45" conditionals="21" coveredconditionals="17" methods="15" coveredmethods="15" elements="81" coveredelements="77" complexity="0" loc="45" ncloc="45" packages="6" files="8" classes="8"/>
    <package name="components.categoryBreadcrumb">
      <metrics statements="1" coveredstatements="1" conditionals="0" coveredconditionals="0" methods="1" coveredmethods="1"/>
      <file name="category-breadcbrumb.tsx" path="C:\Users\ilanc\challenge-tecnico-MeLi\challenge-FE\components\categoryBreadcrumb\category-breadcbrumb.tsx">
        <metrics statements="1" coveredstatements="1" conditionals="0" coveredconditionals="0" methods="1" coveredmethods="1"/>
        <line num="3" count="10" type="stmt"/>
      </file>
    </package>
    <package name="components.descriptionSection">
      <metrics statements="2" coveredstatements="2" conditionals="0" coveredconditionals="0" methods="2" coveredmethods="2"/>
      <file name="description-section.tsx" path="C:\Users\ilanc\challenge-tecnico-MeLi\challenge-FE\components\descriptionSection\description-section.tsx">
        <metrics statements="2" coveredstatements="2" conditionals="0" coveredconditionals="0" methods="2" coveredmethods="2"/>
        <line num="5" count="14" type="stmt"/>
        <line num="11" count="33" type="stmt"/>
      </file>
    </package>
    <package name="components.paymentMethodCard">
      <metrics statements="11" coveredstatements="11" conditionals="6" coveredconditionals="4" methods="7" coveredmethods="7"/>
      <file name="payment-method-card.tsx" path="C:\Users\ilanc\challenge-tecnico-MeLi\challenge-FE\components\paymentMethodCard\payment-method-card.tsx">
        <metrics statements="11" coveredstatements="11" conditionals="6" coveredconditionals="4" methods="7" coveredmethods="7"/>
        <line num="2" count="2" type="stmt"/>
        <line num="3" count="2" type="stmt"/>
        <line num="4" count="2" type="stmt"/>
        <line num="5" count="2" type="stmt"/>
        <line num="9" count="38" type="stmt"/>
        <line num="34" count="145" type="stmt"/>
        <line num="36" count="60" type="stmt"/>
        <line num="56" count="145" type="stmt"/>
        <line num="58" count="29" type="stmt"/>
        <line num="78" count="145" type="stmt"/>
        <line num="80" count="56" type="stmt"/>
      </file>
    </package>
    <package name="components.productImageSection">
      <metrics statements="4" coveredstatements="4" conditionals="8" coveredconditionals="8" methods="3" coveredmethods="3"/>
      <file name="product-image-section.tsx" path="C:\Users\ilanc\challenge-tecnico-MeLi\challenge-FE\components\productImageSection\product-image-section.tsx">
        <metrics statements="4" coveredstatements="4" conditionals="8" coveredconditionals="8" methods="3" coveredmethods="3"/>
        <line num="2" count="1" type="stmt"/>
        <line num="11" count="19" type="stmt"/>
        <line num="19" count="46" type="stmt"/>
        <line num="21" count="3" type="stmt"/>
      </file>
    </package>
    <package name="components.ui">
      <metrics statements="23" coveredstatements="23" conditionals="7" coveredconditionals="5" methods="1" coveredmethods="1"/>
      <file name="button.tsx" path="C:\Users\ilanc\challenge-tecnico-MeLi\challenge-FE\components\ui\button.tsx">
        <metrics statements="9" coveredstatements="9" conditionals="3" coveredconditionals="2" methods="1" coveredmethods="1"/>
        <line num="1" count="2" type="stmt"/>
        <line num="2" count="2" type="stmt"/>
        <line num="3" count="2" type="stmt"/>
        <line num="5" count="2" type="stmt"/>
        <line num="7" count="2" type="stmt"/>
        <line num="42" count="2" type="stmt"/>
        <line num="44" count="38" type="cond" truecount="1" falsecount="1"/>
        <line num="54" count="2" type="stmt"/>
        <line num="56" count="38" type="stmt"/>
      </file>
      <file name="card.tsx" path="C:\Users\ilanc\challenge-tecnico-MeLi\challenge-FE\components\ui\card.tsx">
        <metrics statements="9" coveredstatements="9" conditionals="0" coveredconditionals="0" methods="0" coveredmethods="0"/>
        <line num="1" count="2" type="stmt"/>
        <line num="3" count="2" type="stmt"/>
        <line num="18" count="2" type="stmt"/>
        <line num="30" count="2" type="stmt"/>
        <line num="45" count="2" type="stmt"/>
        <line num="57" count="2" type="stmt"/>
        <line num="65" count="2" type="stmt"/>
        <line num="77" count="2" type="stmt"/>
        <line num="79" count="38" type="stmt"/>
      </file>
      <file name="separator.tsx" path="C:\Users\ilanc\challenge-tecnico-MeLi\challenge-FE\components\ui\separator.tsx">
        <metrics statements="5" coveredstatements="5" conditionals="4" coveredconditionals="3" methods="0" coveredmethods="0"/>
        <line num="3" count="2" type="stmt"/>
        <line num="4" count="2" type="stmt"/>
        <line num="6" count="2" type="stmt"/>
        <line num="29" count="2" type="stmt"/>
        <line num="31" count="38" type="stmt"/>
      </file>
    </package>
    <package name="lib">
      <metrics statements="4" coveredstatements="4" conditionals="0" coveredconditionals="0" methods="1" coveredmethods="1"/>
      <file name="utils.ts" path="C:\Users\ilanc\challenge-tecnico-MeLi\challenge-FE\lib\utils.ts">
        <metrics statements="4" coveredstatements="4" conditionals="0" coveredconditionals="0" methods="1" coveredmethods="1"/>
        <line num="1" count="2" type="stmt"/>
        <line num="2" count="2" type="stmt"/>
        <line num="4" count="152" type="stmt"/>
        <line num="5" count="152" type="stmt"/>
      </file>
    </package>
  </project>
</coverage>
