{"C:\\Users\\ilanc\\challenge-tecnico-MeLi\\challenge-FE\\components\\categoryBreadcrumb\\category-breadcbrumb.tsx": {"path":"C:\\Users\\ilanc\\challenge-tecnico-MeLi\\challenge-FE\\components\\categoryBreadcrumb\\category-breadcbrumb.tsx","statementMap":{"0":{"start":{"line":3,"column":24},"end":{"line":3,"column":43}}},"fnMap":{"0":{"name":"categoryBreadcrumb","decl":{"start":{"line":3,"column":24},"end":{"line":3,"column":43}},"loc":{"start":{"line":3,"column":59},"end":{"line":17,"column":null}}}},"branchMap":{},"s":{"0":10},"f":{"0":10},"b":{}}
,"C:\\Users\\ilanc\\challenge-tecnico-MeLi\\challenge-FE\\components\\descriptionSection\\description-section.tsx": {"path":"C:\\Users\\ilanc\\challenge-tecnico-MeLi\\challenge-FE\\components\\descriptionSection\\description-section.tsx","statementMap":{"0":{"start":{"line":5,"column":24},"end":{"line":5,"column":43}},"1":{"start":{"line":11,"column":10},"end":{"line":11,"column":null}}},"fnMap":{"0":{"name":"descriptionSection","decl":{"start":{"line":5,"column":24},"end":{"line":5,"column":43}},"loc":{"start":{"line":5,"column":59},"end":{"line":19,"column":null}}},"1":{"name":"(anonymous_2)","decl":{"start":{"line":10,"column":37},"end":{"line":10,"column":38}},"loc":{"start":{"line":11,"column":10},"end":{"line":11,"column":null}}}},"branchMap":{},"s":{"0":14,"1":33},"f":{"0":14,"1":33},"b":{}}
,"C:\\Users\\ilanc\\challenge-tecnico-MeLi\\challenge-FE\\components\\paymentMethodCard\\payment-method-card.tsx": {"path":"C:\\Users\\ilanc\\challenge-tecnico-MeLi\\challenge-FE\\components\\paymentMethodCard\\payment-method-card.tsx","statementMap":{"0":{"start":{"line":9,"column":24},"end":{"line":9,"column":42}},"1":{"start":{"line":2,"column":18},"end":{"line":2,"column":null}},"2":{"start":{"line":3,"column":23},"end":{"line":3,"column":null}},"3":{"start":{"line":4,"column":34},"end":{"line":4,"column":null}},"4":{"start":{"line":5,"column":26},"end":{"line":5,"column":null}},"5":{"start":{"line":34,"column":34},"end":{"line":34,"column":null}},"6":{"start":{"line":36,"column":16},"end":{"line":37,"column":null}},"7":{"start":{"line":56,"column":34},"end":{"line":56,"column":null}},"8":{"start":{"line":58,"column":16},"end":{"line":59,"column":null}},"9":{"start":{"line":78,"column":34},"end":{"line":78,"column":null}},"10":{"start":{"line":80,"column":16},"end":{"line":81,"column":null}}},"fnMap":{"0":{"name":"paymentMethodCard","decl":{"start":{"line":9,"column":24},"end":{"line":9,"column":42}},"loc":{"start":{"line":9,"column":91},"end":{"line":101,"column":null}}},"1":{"name":"(anonymous_3)","decl":{"start":{"line":34,"column":22},"end":{"line":34,"column":23}},"loc":{"start":{"line":34,"column":34},"end":{"line":34,"column":null}}},"2":{"name":"(anonymous_4)","decl":{"start":{"line":35,"column":19},"end":{"line":35,"column":20}},"loc":{"start":{"line":36,"column":16},"end":{"line":37,"column":null}}},"3":{"name":"(anonymous_5)","decl":{"start":{"line":56,"column":22},"end":{"line":56,"column":23}},"loc":{"start":{"line":56,"column":34},"end":{"line":56,"column":null}}},"4":{"name":"(anonymous_6)","decl":{"start":{"line":57,"column":19},"end":{"line":57,"column":20}},"loc":{"start":{"line":58,"column":16},"end":{"line":59,"column":null}}},"5":{"name":"(anonymous_7)","decl":{"start":{"line":78,"column":22},"end":{"line":78,"column":23}},"loc":{"start":{"line":78,"column":34},"end":{"line":78,"column":null}}},"6":{"name":"(anonymous_8)","decl":{"start":{"line":79,"column":19},"end":{"line":79,"column":20}},"loc":{"start":{"line":80,"column":16},"end":{"line":81,"column":null}}}},"branchMap":{"0":{"loc":{"start":{"line":41,"column":25},"end":{"line":41,"column":null}},"type":"binary-expr","locations":[{"start":{"line":41,"column":25},"end":{"line":41,"column":36}},{"start":{"line":41,"column":40},"end":{"line":41,"column":null}}]},"1":{"loc":{"start":{"line":63,"column":25},"end":{"line":63,"column":null}},"type":"binary-expr","locations":[{"start":{"line":63,"column":25},"end":{"line":63,"column":36}},{"start":{"line":63,"column":40},"end":{"line":63,"column":null}}]},"2":{"loc":{"start":{"line":85,"column":25},"end":{"line":85,"column":null}},"type":"binary-expr","locations":[{"start":{"line":85,"column":25},"end":{"line":85,"column":36}},{"start":{"line":85,"column":40},"end":{"line":85,"column":null}}]}},"s":{"0":38,"1":2,"2":2,"3":2,"4":2,"5":145,"6":60,"7":145,"8":29,"9":145,"10":56},"f":{"0":38,"1":145,"2":60,"3":145,"4":29,"5":145,"6":56},"b":{"0":[60,3],"1":[29,0],"2":[56,0]}}
,"C:\\Users\\ilanc\\challenge-tecnico-MeLi\\challenge-FE\\components\\productImageSection\\product-image-section.tsx": {"path":"C:\\Users\\ilanc\\challenge-tecnico-MeLi\\challenge-FE\\components\\productImageSection\\product-image-section.tsx","statementMap":{"0":{"start":{"line":11,"column":24},"end":{"line":11,"column":44}},"1":{"start":{"line":2,"column":18},"end":{"line":2,"column":null}},"2":{"start":{"line":19,"column":14},"end":{"line":20,"column":null}},"3":{"start":{"line":21,"column":31},"end":{"line":21,"column":null}}},"fnMap":{"0":{"name":"ProductImageSection","decl":{"start":{"line":11,"column":24},"end":{"line":11,"column":44}},"loc":{"start":{"line":11,"column":95},"end":{"line":46,"column":null}}},"1":{"name":"(anonymous_3)","decl":{"start":{"line":18,"column":32},"end":{"line":18,"column":33}},"loc":{"start":{"line":19,"column":14},"end":{"line":20,"column":null}}},"2":{"name":"(anonymous_4)","decl":{"start":{"line":21,"column":25},"end":{"line":21,"column":31}},"loc":{"start":{"line":21,"column":31},"end":{"line":21,"column":null}}}},"branchMap":{"0":{"loc":{"start":{"line":22,"column":90},"end":{"line":22,"column":155}},"type":"cond-expr","locations":[{"start":{"line":22,"column":116},"end":{"line":22,"column":136}},{"start":{"line":22,"column":136},"end":{"line":22,"column":155}}]},"1":{"loc":{"start":{"line":25,"column":23},"end":{"line":25,"column":null}},"type":"binary-expr","locations":[{"start":{"line":25,"column":23},"end":{"line":25,"column":32}},{"start":{"line":25,"column":36},"end":{"line":25,"column":null}}]},"2":{"loc":{"start":{"line":37,"column":19},"end":{"line":37,"column":null}},"type":"binary-expr","locations":[{"start":{"line":37,"column":19},"end":{"line":37,"column":57}},{"start":{"line":37,"column":57},"end":{"line":37,"column":null}}]},"3":{"loc":{"start":{"line":38,"column":19},"end":{"line":38,"column":70}},"type":"binary-expr","locations":[{"start":{"line":38,"column":19},"end":{"line":38,"column":57}},{"start":{"line":38,"column":57},"end":{"line":38,"column":70}}]}},"s":{"0":19,"1":1,"2":46,"3":3},"f":{"0":19,"1":46,"2":3},"b":{"0":[16,30],"1":[46,2],"2":[19,5],"3":[19,5]}}
,"C:\\Users\\ilanc\\challenge-tecnico-MeLi\\challenge-FE\\components\\ui\\button.tsx": {"path":"C:\\Users\\ilanc\\challenge-tecnico-MeLi\\challenge-FE\\components\\ui\\button.tsx","statementMap":{"0":{"start":{"line":56,"column":9},"end":{"line":56,"column":15}},"1":{"start":{"line":56,"column":17},"end":{"line":56,"column":31}},"2":{"start":{"line":1,"column":23},"end":{"line":1,"column":null}},"3":{"start":{"line":2,"column":21},"end":{"line":2,"column":null}},"4":{"start":{"line":3,"column":39},"end":{"line":3,"column":null}},"5":{"start":{"line":5,"column":19},"end":{"line":5,"column":null}},"6":{"start":{"line":7,"column":23},"end":{"line":33,"column":null}},"7":{"start":{"line":42,"column":15},"end":{"line":52,"column":null}},"8":{"start":{"line":44,"column":17},"end":{"line":44,"column":null}},"9":{"start":{"line":54,"column":0},"end":{"line":54,"column":null}}},"fnMap":{"0":{"name":"(anonymous_6)","decl":{"start":{"line":43,"column":2},"end":{"line":43,"column":3}},"loc":{"start":{"line":43,"column":60},"end":{"line":52,"column":null}}}},"branchMap":{"0":{"loc":{"start":{"line":43,"column":31},"end":{"line":43,"column":46}},"type":"default-arg","locations":[{"start":{"line":43,"column":41},"end":{"line":43,"column":46}}]},"1":{"loc":{"start":{"line":44,"column":17},"end":{"line":44,"column":null}},"type":"cond-expr","locations":[{"start":{"line":44,"column":27},"end":{"line":44,"column":31}},{"start":{"line":44,"column":34},"end":{"line":44,"column":null}}]}},"s":{"0":38,"1":0,"2":2,"3":2,"4":2,"5":2,"6":2,"7":2,"8":38,"9":2},"f":{"0":38},"b":{"0":[38],"1":[0,38]}}
,"C:\\Users\\ilanc\\challenge-tecnico-MeLi\\challenge-FE\\components\\ui\\card.tsx": {"path":"C:\\Users\\ilanc\\challenge-tecnico-MeLi\\challenge-FE\\components\\ui\\card.tsx","statementMap":{"0":{"start":{"line":79,"column":9},"end":{"line":79,"column":13}},"1":{"start":{"line":79,"column":67},"end":{"line":79,"column":78}},"2":{"start":{"line":79,"column":50},"end":{"line":79,"column":65}},"3":{"start":{"line":79,"column":27},"end":{"line":79,"column":37}},"4":{"start":{"line":79,"column":15},"end":{"line":79,"column":25}},"5":{"start":{"line":79,"column":39},"end":{"line":79,"column":48}},"6":{"start":{"line":1,"column":23},"end":{"line":1,"column":null}},"7":{"start":{"line":3,"column":19},"end":{"line":3,"column":null}},"8":{"start":{"line":18,"column":0},"end":{"line":18,"column":null}},"9":{"start":{"line":30,"column":0},"end":{"line":30,"column":null}},"10":{"start":{"line":45,"column":0},"end":{"line":45,"column":null}},"11":{"start":{"line":57,"column":0},"end":{"line":57,"column":null}},"12":{"start":{"line":65,"column":0},"end":{"line":65,"column":null}},"13":{"start":{"line":77,"column":0},"end":{"line":77,"column":null}}},"fnMap":{},"branchMap":{},"s":{"0":38,"1":38,"2":0,"3":0,"4":0,"5":0,"6":2,"7":2,"8":2,"9":2,"10":2,"11":2,"12":2,"13":2},"f":{},"b":{}}
,"C:\\Users\\ilanc\\challenge-tecnico-MeLi\\challenge-FE\\components\\ui\\separator.tsx": {"path":"C:\\Users\\ilanc\\challenge-tecnico-MeLi\\challenge-FE\\components\\ui\\separator.tsx","statementMap":{"0":{"start":{"line":31,"column":9},"end":{"line":31,"column":null}},"1":{"start":{"line":3,"column":23},"end":{"line":3,"column":null}},"2":{"start":{"line":4,"column":36},"end":{"line":4,"column":null}},"3":{"start":{"line":6,"column":19},"end":{"line":6,"column":null}},"4":{"start":{"line":29,"column":0},"end":{"line":29,"column":null}}},"fnMap":{},"branchMap":{"0":{"loc":{"start":{"line":13,"column":17},"end":{"line":13,"column":43}},"type":"default-arg","locations":[{"start":{"line":13,"column":31},"end":{"line":13,"column":43}}]},"1":{"loc":{"start":{"line":13,"column":45},"end":{"line":13,"column":62}},"type":"default-arg","locations":[{"start":{"line":13,"column":58},"end":{"line":13,"column":62}}]},"2":{"loc":{"start":{"line":22,"column":8},"end":{"line":22,"column":null}},"type":"cond-expr","locations":[{"start":{"line":22,"column":39},"end":{"line":22,"column":58}},{"start":{"line":22,"column":58},"end":{"line":22,"column":null}}]}},"s":{"0":38,"1":2,"2":2,"3":2,"4":2},"f":{},"b":{"0":[38],"1":[38],"2":[38,0]}}
,"C:\\Users\\ilanc\\challenge-tecnico-MeLi\\challenge-FE\\lib\\utils.ts": {"path":"C:\\Users\\ilanc\\challenge-tecnico-MeLi\\challenge-FE\\lib\\utils.ts","statementMap":{"0":{"start":{"line":4,"column":16},"end":{"line":4,"column":19}},"1":{"start":{"line":1,"column":38},"end":{"line":1,"column":null}},"2":{"start":{"line":2,"column":24},"end":{"line":2,"column":null}},"3":{"start":{"line":5,"column":2},"end":{"line":5,"column":null}}},"fnMap":{"0":{"name":"cn","decl":{"start":{"line":4,"column":16},"end":{"line":4,"column":19}},"loc":{"start":{"line":4,"column":42},"end":{"line":6,"column":null}}}},"branchMap":{},"s":{"0":152,"1":2,"2":2,"3":152},"f":{"0":152},"b":{}}
}
