TN:
SF:components\categoryBreadcrumb\category-breadcbrumb.tsx
FN:3,categoryBreadcrumb
FNF:1
FNH:1
FNDA:10,categoryBreadcrumb
DA:3,10
LF:1
LH:1
BRF:0
BRH:0
end_of_record
TN:
SF:components\descriptionSection\description-section.tsx
FN:5,descriptionSection
FN:10,(anonymous_2)
FNF:2
FNH:2
FNDA:14,descriptionSection
FNDA:33,(anonymous_2)
DA:5,14
DA:11,33
LF:2
LH:2
BRF:0
BRH:0
end_of_record
TN:
SF:components\paymentMethodCard\payment-method-card.tsx
FN:9,paymentMethodCard
FN:34,(anonymous_3)
FN:35,(anonymous_4)
FN:56,(anonymous_5)
FN:57,(anonymous_6)
FN:78,(anonymous_7)
FN:79,(anonymous_8)
FNF:7
FNH:7
FNDA:38,paymentMethodCard
FNDA:145,(anonymous_3)
FNDA:60,(anonymous_4)
FNDA:145,(anonymous_5)
FNDA:29,(anonymous_6)
FNDA:145,(anonymous_7)
FNDA:56,(anonymous_8)
DA:2,2
DA:3,2
DA:4,2
DA:5,2
DA:9,38
DA:34,145
DA:36,60
DA:56,145
DA:58,29
DA:78,145
DA:80,56
LF:11
LH:11
BRDA:41,0,0,60
BRDA:41,0,1,3
BRDA:63,1,0,29
BRDA:63,1,1,0
BRDA:85,2,0,56
BRDA:85,2,1,0
BRF:6
BRH:4
end_of_record
TN:
SF:components\productImageSection\product-image-section.tsx
FN:11,ProductImageSection
FN:18,(anonymous_3)
FN:21,(anonymous_4)
FNF:3
FNH:3
FNDA:19,ProductImageSection
FNDA:46,(anonymous_3)
FNDA:3,(anonymous_4)
DA:2,1
DA:11,19
DA:19,46
DA:21,3
LF:4
LH:4
BRDA:22,0,0,16
BRDA:22,0,1,30
BRDA:25,1,0,46
BRDA:25,1,1,2
BRDA:37,2,0,19
BRDA:37,2,1,5
BRDA:38,3,0,19
BRDA:38,3,1,5
BRF:8
BRH:8
end_of_record
TN:
SF:components\ui\button.tsx
FN:43,(anonymous_6)
FNF:1
FNH:1
FNDA:38,(anonymous_6)
DA:1,2
DA:2,2
DA:3,2
DA:5,2
DA:7,2
DA:42,2
DA:44,38
DA:54,2
DA:56,38
LF:9
LH:9
BRDA:43,0,0,38
BRDA:44,1,0,0
BRDA:44,1,1,38
BRF:3
BRH:2
end_of_record
TN:
SF:components\ui\card.tsx
FNF:0
FNH:0
DA:1,2
DA:3,2
DA:18,2
DA:30,2
DA:45,2
DA:57,2
DA:65,2
DA:77,2
DA:79,38
LF:9
LH:9
BRF:0
BRH:0
end_of_record
TN:
SF:components\ui\separator.tsx
FNF:0
FNH:0
DA:3,2
DA:4,2
DA:6,2
DA:29,2
DA:31,38
LF:5
LH:5
BRDA:13,0,0,38
BRDA:13,1,0,38
BRDA:22,2,0,38
BRDA:22,2,1,0
BRF:4
BRH:3
end_of_record
TN:
SF:lib\utils.ts
FN:4,cn
FNF:1
FNH:1
FNDA:152,cn
DA:1,2
DA:2,2
DA:4,152
DA:5,152
LF:4
LH:4
BRF:0
BRH:0
end_of_record
